<?xml version="1.0" encoding="UTF-8"?>
<!-- Generated by org.testng.reporters.JUnitXMLReporter -->
<testsuite ignored="0" hostname="DESKTOP-583J7G1" failures="0" tests="26" name="Default test" time="17.011" errors="0" timestamp="2021-02-15T14:50:54 EST">
  <testcase classname="com.apitest.SouthAsia" name="getweatherDetails" time="2.292"/>
  <testcase classname="com.apitest.Badda" name="getweatherDetails" time="1.542"/>
  <testcase classname="com.apitest.BDDL_ReazBag" name="getweatherDetails" time="0.452"/>
  <testcase classname="com.apitest.Swan_Dilara" name="getweatherDetails" time="1.44"/>
  <testcase classname="com.apitest.JanataHousing" name="getweatherDetails" time="0.394"/>
  <testcase classname="com.apitest.ReadyApartment" name="getweatherDetails" time="0.45"/>
  <testcase classname="com.apitest.Commercial" name="getweatherDetails" time="0.372"/>
  <testcase classname="com.apitest.ArshiNagor" name="getweatherDetails" time="0.356"/>
  <testcase classname="com.apitest.Triplex_House" name="getweatherDetails" time="0.444"/>
  <testcase classname="com.apitest.Swan_Rajia" name="getweatherDetails" time="0.396"/>
  <testcase classname="com.apitest.Alif" name="getweatherDetails" time="0.641"/>
  <testcase classname="com.apitest.BananiLake" name="getweatherDetails" time="0.352"/>
  <testcase classname="com.apitest.Post_Request" name="getweatherDetails" time="1.533"/>
  <testcase classname="com.apitest.BDDL_SUFIA" name="getweatherDetails" time="0.409"/>
  <testcase classname="com.apitest.Rossella" name="getweatherDetails" time="0.668"/>
  <testcase classname="com.apitest.Dreamway" name="getweatherDetails" time="0.396"/>
  <testcase classname="com.apitest.QueenHaque" name="getweatherDetails" time="0.39"/>
  <testcase classname="com.apitest.Swan_Mostofa" name="getweatherDetails" time="0.355"/>
  <testcase classname="com.apitest.BDDL_GoldPlace" name="getweatherDetails" time="0.471"/>
  <testcase classname="com.apitest.BDDL_Lily" name="getweatherDetails" time="0.848"/>
  <testcase classname="com.apitest.Get_Request" name="getweatherDetails" time="0.427"/>
  <testcase classname="com.apitest.Max_Adn" name="getweatherDetails" time="0.331"/>
  <testcase classname="com.apitest.ThreeBed" name="getweatherDetails" time="0.356"/>
  <testcase classname="com.apitest.Eldorado" name="getweatherDetails" time="0.498"/>
  <testcase classname="com.apitest.NortBreeze" name="getweatherDetails" time="0.438"/>
  <testcase classname="com.apitest.Al_Kaif" name="getweatherDetails" time="0.627"/>
</testsuite> <!-- Default test -->
